INFO - 2025-01-27 11:54:10 - Logger initialized

====================================================================================================

INFO - 2025-01-27 11:54:10 - ANALYZING THE EFFECTS OF PCA ON THE FEATURES. ######


--------------------------------------------------

#### COMPUTE PCA, WITH M = 6 ####

P:
[[-0.02259492  0.75978143  0.00537837 -0.11213122  0.63943662  0.027205  ]
 [-0.02437891  0.14393192  0.70677389 -0.6293342  -0.28706901 -0.02626371]
 [ 0.70911684  0.03635837 -0.04394683 -0.04142496  0.00480861 -0.7015418 ]
 [-0.69919956 -0.03170131  0.01228318  0.04041039  0.05020234 -0.7112038 ]
 [-0.08463317  0.33724134 -0.66834099 -0.45234514 -0.47728615 -0.00276319]
 [-0.002375   -0.53474961 -0.22733206 -0.61919294  0.52760471  0.0243048 ]]

Apply PCA. D_PCA:
[[ 1.47529852 -1.20119427  0.4431438  ...  2.10458956 -1.38106047
  -0.53543506]
 [ 0.48574243 -0.47138826  0.2532206  ...  0.15395242  0.92252992
   0.31989467]
 [ 0.25006507  0.67293709  0.2111056  ... -2.16997876  3.14138426
   0.11870833]
 [-0.4489149  -1.83297283  2.05612568 ... -0.86160641 -1.50553413
   1.21911457]
 [ 2.29272518 -0.13371703  0.13507735 ... -0.33975265  0.26240381
  -0.96128949]
 [-0.02272054 -0.2920712   0.26473504 ... -0.03853898 -0.69751808
   0.87238695]]


====================================================================================================

INFO - 2025-01-27 11:54:16 - ANALYZING THE EFFECTS OF LDA ON THE FEATURES. ######


--------------------------------------------------

#### COMPUTING LDA USING THE EIGENVALUES APPROACH. ####

U:
[[-0.01063821]
 [ 0.0134172 ]
 [-0.96566604]
 [ 0.96774246]
 [ 0.0217633 ]
 [-0.03289391]]

--------------------------------------------------

#### COMPUTING LDA USING THE JOINT DIAGONALIZATION APPROACH. ####

V:
[[-0.01063821]
 [ 0.0134172 ]
 [-0.96566604]
 [ 0.96774246]
 [ 0.0217633 ]
 [-0.03289391]]

--------------------------------------------------

#### APPLY LDA: ####

[[ 2.0438786  -1.54970185  0.4371834  ...  3.07174282 -1.9034585
  -0.80599703]]


====================================================================================================

INFO - 2025-01-27 11:54:16 - APPLYING LDA AS A CLASSIFIER. ######


--------------------------------------------------

#### APPLY LDA TO TRAINING AND VALIDATION DATA. ####


--------------------------------------------------

#### COMPUTING LDA USING THE EIGENVALUES APPROACH. ####

U:
[[ 0.00633881]
 [-0.0101813 ]
 [ 0.94761369]
 [-0.96655337]
 [-0.02185809]
 [ 0.03813783]]

Apply LDA:
[[ 1.28859178 -0.24088742 -0.02100955 ...  0.14142402 -1.49292693
  -0.53472298]]

Apply LDA on validation data:
[[-1.86880707 -0.48985126  2.52863844 ... -1.71758626 -0.82331638
  -0.85355967]]


====================================================================================================

INFO - 2025-01-27 11:54:17 - PERFORM CLASSIFICATION TASK WITH LDA. ######

Computed threshold (1-D): -0.018534376786207063

Labels:      [0 0 1 ... 0 0 0]
Predictions: [0 0 1 ... 0 0 0]
Number of erros: 186 (out of 2000 samples)
Error rate: 9.30%
Accuracy: 90.70%

====================================================================================================

INFO - 2025-01-27 11:54:17 - PERFORM CLASSIFICATION EXPLORING DIFFERENT THRESHOLDS. ######


--------------------------------------------------

#### THRESHOLD OFFSET: -0.2 ####

Computed threshold (1-D): -0.21853437678620707

Labels:      [0 0 1 ... 0 0 0]
Predictions: [0 0 1 ... 0 0 0]
Number of erros: 192 (out of 2000 samples)
Error rate: 9.60%
Accuracy: 90.40%

--------------------------------------------------

#### THRESHOLD OFFSET: -0.1 ####

Computed threshold (1-D): -0.11853437678620707

Labels:      [0 0 1 ... 0 0 0]
Predictions: [0 0 1 ... 0 0 0]
Number of erros: 184 (out of 2000 samples)
Error rate: 9.20%
Accuracy: 90.80%

--------------------------------------------------

#### THRESHOLD OFFSET: -0.05 ####

Computed threshold (1-D): -0.06853437678620707

Labels:      [0 0 1 ... 0 0 0]
Predictions: [0 0 1 ... 0 0 0]
Number of erros: 185 (out of 2000 samples)
Error rate: 9.25%
Accuracy: 90.75%

--------------------------------------------------

#### THRESHOLD OFFSET: 0.05 ####

Computed threshold (1-D): 0.03146562321379294

Labels:      [0 0 1 ... 0 0 0]
Predictions: [0 0 1 ... 0 0 0]
Number of erros: 190 (out of 2000 samples)
Error rate: 9.50%
Accuracy: 90.50%

--------------------------------------------------

#### THRESHOLD OFFSET: 0.1 ####

Computed threshold (1-D): 0.08146562321379294

Labels:      [0 0 1 ... 0 0 0]
Predictions: [0 0 1 ... 0 0 0]
Number of erros: 190 (out of 2000 samples)
Error rate: 9.50%
Accuracy: 90.50%

--------------------------------------------------

#### THRESHOLD OFFSET: 0.2 ####

Computed threshold (1-D): 0.18146562321379295

Labels:      [0 0 1 ... 0 0 0]
Predictions: [0 0 1 ... 0 0 0]
Number of erros: 192 (out of 2000 samples)
Error rate: 9.60%
Accuracy: 90.40%

====================================================================================================

INFO - 2025-01-27 11:54:17 - PERFORM CLASSIFICATION TASK - PCA FOR PRE-PROCESSING. ######


--------------------------------------------------

#### PRE PROCESSING FEATURES WITH 1 PCA DIRECTIONS. ####

Computed threshold (1-D): -0.01759903023797671

Labels:      [0 0 1 ... 0 0 0]
Predictions: [0 0 1 ... 0 0 0]
Number of erros: 187 (out of 2000 samples)
Error rate: 9.35%
Accuracy: 90.65%

--------------------------------------------------

#### PRE PROCESSING FEATURES WITH 2 PCA DIRECTIONS. ####

Computed threshold (1-D): -0.01828175332678572

Labels:      [0 0 1 ... 0 0 0]
Predictions: [0 0 1 ... 0 0 0]
Number of erros: 185 (out of 2000 samples)
Error rate: 9.25%
Accuracy: 90.75%

--------------------------------------------------

#### PRE PROCESSING FEATURES WITH 3 PCA DIRECTIONS. ####

Computed threshold (1-D): -0.0183981898891038

Labels:      [0 0 1 ... 0 0 0]
Predictions: [0 0 1 ... 0 0 0]
Number of erros: 185 (out of 2000 samples)
Error rate: 9.25%
Accuracy: 90.75%

--------------------------------------------------

#### PRE PROCESSING FEATURES WITH 4 PCA DIRECTIONS. ####

Computed threshold (1-D): -0.01831713244834876

Labels:      [0 0 1 ... 0 0 0]
Predictions: [0 0 1 ... 0 0 0]
Number of erros: 185 (out of 2000 samples)
Error rate: 9.25%
Accuracy: 90.75%

--------------------------------------------------

#### PRE PROCESSING FEATURES WITH 5 PCA DIRECTIONS. ####

Computed threshold (1-D): -0.018519178157787586

Labels:      [0 0 1 ... 0 0 0]
Predictions: [0 0 1 ... 0 0 0]
Number of erros: 186 (out of 2000 samples)
Error rate: 9.30%
Accuracy: 90.70%

--------------------------------------------------

#### PRE PROCESSING FEATURES WITH 6 PCA DIRECTIONS. ####

Computed threshold (1-D): -0.018534376786207174

Labels:      [0 0 1 ... 0 0 0]
Predictions: [0 0 1 ... 0 0 0]
Number of erros: 186 (out of 2000 samples)
Error rate: 9.30%
Accuracy: 90.70%

====================================================================================================

INFO - 2025-01-27 11:54:17 - Logger closed correctly!

====================================================================================================

INFO - 2025-01-27 11:54:17 - Logger closed correctly!
