INFO - 2025-01-29 19:54:46 - Logger initialized

--------------------------------------------------

#### COMPUTING MEANS AND COVARIANCE MATRICES FOR EACH CLASS ####

Class 0 mean: [[ 0.00287744]
 [ 0.01869316]
 [-0.68094016]
 [ 0.6708362 ]
 [ 0.02795697]
 [-0.0058274 ]]
Class 1 mean: [[ 5.44547838e-04]
 [-8.52437392e-03]
 [ 6.65237846e-01]
 [-6.64195349e-01]
 [-4.17251858e-02]
 [ 2.39384879e-02]]
Class 0 covariance matrix: [[ 5.69581054e-01  4.43400885e-03  8.43170041e-03  1.44479381e-02
   1.42672670e-02 -1.41150344e-03]
 [ 4.43400885e-03  1.42086571e+00 -4.75806611e-03 -1.22432969e-02
  -2.57280214e-03 -5.54092626e-03]
 [ 8.43170041e-03 -4.75806611e-03  5.49977025e-01  1.32035878e-02
  -1.15251868e-02  1.11043986e-02]
 [ 1.44479381e-02 -1.22432969e-02  1.32035878e-02  5.36042661e-01
   7.07380678e-03  1.59744284e-02]
 [ 1.42672670e-02 -2.57280214e-03 -1.15251868e-02  7.07380678e-03
   6.80073597e-01  1.20001652e-02]
 [-1.41150344e-03 -5.54092626e-03  1.11043986e-02  1.59744284e-02
   1.20001652e-02  7.05038438e-01]]
Class 1 covariance matrix: [[ 1.43023345  0.00586459 -0.00328748  0.01305324  0.00569339 -0.02439541]
 [ 0.00586459  0.57827792 -0.0085804  -0.006824   -0.0063889   0.0042779 ]
 [-0.00328748 -0.0085804   0.5489026   0.01126717  0.00465291 -0.01835331]
 [ 0.01305324 -0.006824    0.01126717  0.55334275 -0.00288255  0.02041834]
 [ 0.00569339 -0.0063889   0.00465291 -0.00288255  1.31776792 -0.00914104]
 [-0.02439541  0.0042779  -0.01835331  0.02041834 -0.00914104  1.28702609]]

--------------------------------------------------

#### FEATURE 1 ####

### CLASS 0
Values for X: [-2.66326135 -2.61374227 -2.56422318 -2.51470409 -2.46518501 -2.41566592
 -2.36614683 -2.31662775 -2.26710866 -2.21758957 -2.16807049 -2.1185514
 -2.06903232 -2.01951323 -1.96999414 -1.92047506 -1.87095597 -1.82143688
 -1.7719178  -1.72239871 -1.67287962 -1.62336054 -1.57384145 -1.52432236
 -1.47480328 -1.42528419 -1.3757651  -1.32624602 -1.27672693 -1.22720785
 -1.17768876 -1.12816967 -1.07865059 -1.0291315  -0.97961241 -0.93009333
 -0.88057424 -0.83105515 -0.78153607 -0.73201698 -0.68249789 -0.63297881
 -0.58345972 -0.53394063 -0.48442155 -0.43490246 -0.38538338 -0.33586429
 -0.2863452  -0.23682612 -0.18730703 -0.13778794 -0.08826886 -0.03874977
  0.01076932  0.0602884   0.10980749  0.15932658  0.20884566  0.25836475
  0.30788384  0.35740292  0.40692201  0.45644109  0.50596018  0.55547927
  0.60499835  0.65451744  0.70403653  0.75355561  0.8030747   0.85259379
  0.90211287  0.95163196  1.00115105  1.05067013  1.10018922  1.14970831
  1.19922739  1.24874648  1.29826556  1.34778465  1.39730374  1.44682282
  1.49634191  1.545861    1.59538008  1.64489917  1.69441826  1.74393734
  1.79345643  1.84297552  1.8924946   1.94201369  1.99153278  2.04105186
  2.09057095  2.14009003  2.18960912  2.23912821]
Feature's mean: [0.00287744]
Feature's covariance matrix: [[0.56958105]]
Probability Density Function values: [0.00103077 0.00129687 0.00162464 0.00202651 0.00251693 0.0031126
 0.00383272 0.00469916 0.00573672 0.00697328 0.00843998 0.01017128
 0.01220507 0.01458261 0.01734844 0.02055019 0.02423828 0.02846544
 0.0332862  0.03875618 0.04493119 0.05186629 0.05961462 0.06822611
 0.07774613 0.08821394 0.09966116 0.11211016 0.12557243 0.14004702
 0.15551912 0.17195863 0.18931911 0.20753685 0.22653029 0.24619976
 0.26642763 0.28707885 0.30800192 0.32903033 0.34998444 0.37067375
 0.39089959 0.41045816 0.42914382 0.44675264 0.46308602 0.47795446
 0.4911811  0.50260531 0.51208586 0.51950388 0.52476527 0.52780278
 0.52857736 0.52707901 0.52332705 0.51736963 0.50928276 0.49916866
 0.48715362 0.47338539 0.45803014 0.44126914 0.4232952  0.40430901
 0.38451545 0.36411993 0.34332498 0.32232697 0.30131322 0.2804594
 0.25992743 0.2398637  0.22039779 0.20164164 0.18368915 0.16661614
 0.15048074 0.13532408 0.12117123 0.10803246 0.09590457 0.08477242
 0.07461054 0.0653847  0.0570535  0.04956998 0.04288304 0.03693879
 0.03168181 0.02705625 0.02300676 0.01947932 0.01642186 0.01378482
 0.01152153 0.00958848 0.00794546 0.0065557 ]

### CLASS 1
Values for X: [-4.54369003 -4.4503641  -4.35703817 -4.26371223 -4.1703863  -4.07706036
 -3.98373443 -3.8904085  -3.79708256 -3.70375663 -3.6104307  -3.51710476
 -3.42377883 -3.33045289 -3.23712696 -3.14380103 -3.05047509 -2.95714916
 -2.86382323 -2.77049729 -2.67717136 -2.58384543 -2.49051949 -2.39719356
 -2.30386762 -2.21054169 -2.11721576 -2.02388982 -1.93056389 -1.83723796
 -1.74391202 -1.65058609 -1.55726015 -1.46393422 -1.37060829 -1.27728235
 -1.18395642 -1.09063049 -0.99730455 -0.90397862 -0.81065268 -0.71732675
 -0.62400082 -0.53067488 -0.43734895 -0.34402302 -0.25069708 -0.15737115
 -0.06404522  0.02928072  0.12260665  0.21593259  0.30925852  0.40258445
  0.49591039  0.58923632  0.68256225  0.77588819  0.86921412  0.96254006
  1.05586599  1.14919192  1.24251786  1.33584379  1.42916972  1.52249566
  1.61582159  1.70914753  1.80247346  1.89579939  1.98912533  2.08245126
  2.17577719  2.26910313  2.36242906  2.45575499  2.54908093  2.64240686
  2.7357328   2.82905873  2.92238466  3.0157106   3.10903653  3.20236246
  3.2956884   3.38901433  3.48234027  3.5756662   3.66899213  3.76231807
  3.855644    3.94896993  4.04229587  4.1356218   4.22894774  4.32227367
  4.4155996   4.50892554  4.60225147  4.6955774 ]
Feature's mean: [0.00054455]
Feature's covariance matrix: [[1.43023345]]
Probability Density Function values: [2.44332075e-04 3.27669303e-04 4.36763459e-04 5.78644863e-04
 7.61961753e-04 9.97262546e-04 1.29730207e-03 1.67736655e-03
 2.15560961e-03 2.75338859e-03 3.49558746e-03 4.41090904e-03
 5.53211625e-03 6.89619857e-03 8.54443764e-03 1.05223435e-02
 1.28794327e-02 1.56688188e-02 1.89465895e-02 2.27709474e-02
 2.72010971e-02 3.22958713e-02 3.81120980e-02 4.47027225e-02
 5.21147136e-02 6.03867982e-02 6.95470826e-02 7.96106364e-02
 9.05771268e-02 1.02428603e-01 1.15127540e-01 1.28615250e-01
 1.42810774e-01 1.57610355e-01 1.72887576e-01 1.88494242e-01
 2.04262037e-01 2.20004970e-01 2.35522603e-01 2.50603977e-01
 2.65032169e-01 2.78589336e-01 2.91062095e-01 3.02247056e-01
 3.11956309e-01 3.20022661e-01 3.26304421e-01 3.30689533e-01
 3.33098905e-01 3.33488780e-01 3.31852057e-01 3.28218508e-01
 3.22653875e-01 3.15257894e-01 3.06161318e-01 2.95522080e-01
 2.83520728e-01 2.70355346e-01 2.56236135e-01 2.41379872e-01
 2.26004453e-01 2.10323696e-01 1.94542584e-01 1.78853078e-01
 1.63430619e-01 1.48431370e-01 1.33990261e-01 1.20219809e-01
 1.07209706e-01 9.50270914e-02 8.37174586e-02 7.33060638e-02
 6.37997579e-02 5.51891146e-02 4.74507508e-02 4.05497345e-02
 3.44419878e-02 2.90766030e-02 2.43980092e-02 2.03479368e-02
 1.68671472e-02 1.38969071e-02 1.13802012e-02 9.26268710e-03
 7.49340681e-03 6.02527528e-03 4.81537088e-03 3.82505652e-03
 3.01996032e-03 2.36984467e-03 1.84839077e-03 1.43292338e-03
 1.10409746e-03 8.45565234e-04 6.43638615e-04 4.86958925e-04
 3.66182710e-04 2.73689795e-04 2.03317444e-04 1.50122553e-04]

--------------------------------------------------

#### FEATURE 2 ####

### CLASS 0
Values for X: [-4.05864343 -3.97149985 -3.88435628 -3.79721271 -3.71006913 -3.62292556
 -3.53578198 -3.44863841 -3.36149483 -3.27435126 -3.18720769 -3.10006411
 -3.01292054 -2.92577696 -2.83863339 -2.75148982 -2.66434624 -2.57720267
 -2.49005909 -2.40291552 -2.31577194 -2.22862837 -2.1414848  -2.05434122
 -1.96719765 -1.88005407 -1.7929105  -1.70576692 -1.61862335 -1.53147978
 -1.4443362  -1.35719263 -1.27004905 -1.18290548 -1.09576191 -1.00861833
 -0.92147476 -0.83433118 -0.74718761 -0.66004403 -0.57290046 -0.48575689
 -0.39861331 -0.31146974 -0.22432616 -0.13718259 -0.05003902  0.03710456
  0.12424813  0.21139171  0.29853528  0.38567886  0.47282243  0.559966
  0.64710958  0.73425315  0.82139673  0.9085403   0.99568388  1.08282745
  1.16997102  1.2571146   1.34425817  1.43140175  1.51854532  1.60568889
  1.69283247  1.77997604  1.86711962  1.95426319  2.04140677  2.12855034
  2.21569391  2.30283749  2.38998106  2.47712464  2.56426821  2.65141179
  2.73855536  2.82569893  2.91284251  2.99998608  3.08712966  3.17427323
  3.2614168   3.34856038  3.43570395  3.52284753  3.6099911   3.69713468
  3.78427825  3.87142182  3.9585654   4.04570897  4.13285255  4.21999612
  4.30713969  4.39428327  4.48142684  4.56857042]
Feature's mean: [0.01869316]
Feature's covariance matrix: [[1.42086571]]
Probability Density Function values: [9.63668291e-04 1.23415681e-03 1.57214274e-03 1.99201435e-03
 2.51056695e-03 3.14724106e-03 3.92434396e-03 4.86724244e-03
 6.00451244e-03 7.36802982e-03 8.99298477e-03 1.09178016e-02
 1.31839453e-02 1.58355971e-02 1.89191819e-02 2.24827337e-02
 2.65750896e-02 3.12449054e-02 3.65394956e-02 4.25035043e-02
 4.91774249e-02 5.65959933e-02 6.47864891e-02 7.37669897e-02
 8.35446286e-02 9.41139196e-02 1.05455211e-01 1.17533342e-01
 1.30296570e-01 1.43675838e-01 1.57584445e-01 1.71918184e-01
 1.86555964e-01 2.01360980e-01 2.16182409e-01 2.30857636e-01
 2.45214977e-01 2.59076843e-01 2.72263271e-01 2.84595727e-01
 2.95901079e-01 3.06015609e-01 3.14788940e-01 3.22087750e-01
 3.27799138e-01 3.31833527e-01 3.34127003e-01 3.34642999e-01
 3.33373265e-01 3.30338087e-01 3.25585749e-01 3.19191252e-01
 3.11254351e-01 3.01896958e-01 2.91260037e-01 2.79500069e-01
 2.66785238e-01 2.53291449e-01 2.39198315e-01 2.24685249e-01
 2.09927756e-01 1.95094048e-01 1.80342063e-01 1.65816943e-01
 1.51649028e-01 1.37952385e-01 1.24823873e-01 1.12342724e-01
 1.00570614e-01 8.95521693e-02 7.93158487e-02 6.98751410e-02
 6.12300022e-02 5.33684647e-02 4.62683486e-02 3.98990124e-02
 3.42230845e-02 2.91981281e-02 2.47781983e-02 2.09152614e-02
 1.75604534e-02 1.46651669e-02 1.21819595e-02 1.00652867e-02
 8.27206627e-03 6.76208640e-03 5.49827278e-03 4.44683183e-03
 3.57728866e-03 2.86243822e-03 2.27822763e-03 1.80358645e-03
 1.42022014e-03 1.11238015e-03 8.66621876e-04 6.71560157e-04
 5.17629540e-04 3.96855168e-04 3.02638296e-04 2.29559137e-04]

### CLASS 1
Values for X: [-2.6646057  -2.60733423 -2.55006276 -2.49279129 -2.43551983 -2.37824836
 -2.32097689 -2.26370542 -2.20643396 -2.14916249 -2.09189102 -2.03461955
 -1.97734809 -1.92007662 -1.86280515 -1.80553368 -1.74826222 -1.69099075
 -1.63371928 -1.57644781 -1.51917635 -1.46190488 -1.40463341 -1.34736194
 -1.29009048 -1.23281901 -1.17554754 -1.11827607 -1.06100461 -1.00373314
 -0.94646167 -0.88919021 -0.83191874 -0.77464727 -0.7173758  -0.66010434
 -0.60283287 -0.5455614  -0.48828993 -0.43101847 -0.373747   -0.31647553
 -0.25920406 -0.2019326  -0.14466113 -0.08738966 -0.03011819  0.02715327
  0.08442474  0.14169621  0.19896768  0.25623914  0.31351061  0.37078208
  0.42805355  0.48532501  0.54259648  0.59986795  0.65713942  0.71441088
  0.77168235  0.82895382  0.88622529  0.94349675  1.00076822  1.05803969
  1.11531116  1.17258262  1.22985409  1.28712556  1.34439703  1.40166849
  1.45893996  1.51621143  1.5734829   1.63075436  1.68802583  1.7452973
  1.80256877  1.85984023  1.9171117   1.97438317  2.03165464  2.0889261
  2.14619757  2.20346904  2.26074051  2.31801197  2.37528344  2.43255491
  2.48982638  2.54709784  2.60436931  2.66164078  2.71891225  2.77618371
  2.83345518  2.89072665  2.94799812  3.00526958]
Feature's mean: [-0.00852437]
Feature's covariance matrix: [[0.57827792]]
Probability Density Function values: [1.17687142e-03 1.52665099e-03 1.96918795e-03 2.52563877e-03
 3.22100919e-03 4.08459829e-03 5.15042893e-03 6.45764411e-03
 8.05084517e-03 9.98034382e-03 1.23022965e-02 1.50786875e-02
 1.83771241e-02 2.22704103e-02 2.68358618e-02 3.21543353e-02
 3.83089444e-02 4.53834488e-02 5.34603091e-02 6.26184186e-02
 7.29305328e-02 8.44604394e-02 9.72599288e-02 1.11365640e-01
 1.26795882e-01 1.43547536e-01 1.61593167e-01 1.80878482e-01
 2.01320257e-01 2.22804885e-01 2.45187655e-01 2.68292884e-01
 2.91914969e-01 3.15820443e-01 3.39751022e-01 3.63427650e-01
 3.86555466e-01 4.08829601e-01 4.29941638e-01 4.49586581e-01
 4.67470097e-01 4.83315796e-01 4.96872321e-01 5.07919959e-01
 5.16276568e-01 5.21802565e-01 5.24404808e-01 5.24039207e-01
 5.20711964e-01 5.14479403e-01 5.05446378e-01 4.93763344e-01
 4.79622184e-01 4.63250972e-01 4.44907858e-01 4.24874311e-01
 4.03447966e-01 3.80935326e-01 3.57644562e-01 3.33878662e-01
 3.09929105e-01 2.86070267e-01 2.62554665e-01 2.39609161e-01
 2.17432149e-01 1.96191757e-01 1.76025026e-01 1.57037993e-01
 1.39306607e-01 1.22878346e-01 1.07774410e-01 9.39923734e-02
 8.15091261e-02 7.02840077e-02 6.02619885e-02 5.13768011e-02
 4.35539272e-02 3.67133693e-02 3.07721488e-02 2.56464977e-02
 2.12537207e-02 1.75137252e-02 1.43502264e-02 1.16916454e-02
 9.47172716e-03 7.62990942e-03 6.11147790e-03 4.86754269e-03
 3.85487192e-03 3.03561575e-03 2.37695139e-03 1.85067631e-03
 1.43277267e-03 1.10296257e-03 8.44269149e-04 6.42595566e-04
 4.86330145e-04 3.65983340e-04 2.73859683e-04 2.03765919e-04]

--------------------------------------------------

#### FEATURE 3 ####

### CLASS 0
Values for X: [-3.05098558e+00 -3.00093048e+00 -2.95087538e+00 -2.90082028e+00
 -2.85076518e+00 -2.80071009e+00 -2.75065499e+00 -2.70059989e+00
 -2.65054479e+00 -2.60048969e+00 -2.55043460e+00 -2.50037950e+00
 -2.45032440e+00 -2.40026930e+00 -2.35021421e+00 -2.30015911e+00
 -2.25010401e+00 -2.20004891e+00 -2.14999381e+00 -2.09993872e+00
 -2.04988362e+00 -1.99982852e+00 -1.94977342e+00 -1.89971833e+00
 -1.84966323e+00 -1.79960813e+00 -1.74955303e+00 -1.69949793e+00
 -1.64944284e+00 -1.59938774e+00 -1.54933264e+00 -1.49927754e+00
 -1.44922245e+00 -1.39916735e+00 -1.34911225e+00 -1.29905715e+00
 -1.24900205e+00 -1.19894696e+00 -1.14889186e+00 -1.09883676e+00
 -1.04878166e+00 -9.98726566e-01 -9.48671468e-01 -8.98616370e-01
 -8.48561272e-01 -7.98506175e-01 -7.48451077e-01 -6.98395979e-01
 -6.48340881e-01 -5.98285783e-01 -5.48230686e-01 -4.98175588e-01
 -4.48120490e-01 -3.98065392e-01 -3.48010295e-01 -2.97955197e-01
 -2.47900099e-01 -1.97845001e-01 -1.47789903e-01 -9.77348056e-02
 -4.76797078e-02  2.37539001e-03  5.24304878e-02  1.02485586e-01
  1.52540683e-01  2.02595781e-01  2.52650879e-01  3.02705977e-01
  3.52761075e-01  4.02816172e-01  4.52871270e-01  5.02926368e-01
  5.52981466e-01  6.03036563e-01  6.53091661e-01  7.03146759e-01
  7.53201857e-01  8.03256955e-01  8.53312052e-01  9.03367150e-01
  9.53422248e-01  1.00347735e+00  1.05353244e+00  1.10358754e+00
  1.15364264e+00  1.20369774e+00  1.25375283e+00  1.30380793e+00
  1.35386303e+00  1.40391813e+00  1.45397323e+00  1.50402832e+00
  1.55408342e+00  1.60413852e+00  1.65419362e+00  1.70424871e+00
  1.75430381e+00  1.80435891e+00  1.85441401e+00  1.90446911e+00]
Feature's mean: [-0.68094016]
Feature's covariance matrix: [[0.54997702]]
Probability Density Function values: [0.00325787 0.00403296 0.00496977 0.00609634 0.00744431 0.009049
 0.0109496  0.01318917 0.01581461 0.01887646 0.02242872 0.02652832
 0.03123464 0.03660873 0.04271245 0.04960732 0.05735331 0.06600742
 0.07562207 0.08624339 0.09790944 0.11064832 0.12447627 0.13939585
 0.15539412 0.17244112 0.19048842 0.20946807 0.22929183 0.24985085
 0.27101578 0.29263739 0.31454773 0.33656178 0.35847967 0.38008941
 0.40117005 0.4214953  0.44083744 0.45897148 0.47567949 0.49075491
 0.50400678 0.51526377 0.52437784 0.5312275  0.5357205  0.5377959
 0.53742542 0.53461411 0.52940023 0.52185439 0.51207792 0.50020066
 0.48637805 0.47078777 0.45362594 0.435103   0.41543949 0.39486167
 0.37359726 0.35187132 0.32990247 0.30789934 0.28605758 0.26455723
 0.24356077 0.22321148 0.20363255 0.1849266  0.16717567 0.15044171
 0.13476743 0.12017748 0.10667995 0.09426793 0.0829214  0.07260906
 0.0632902  0.0549166  0.04743428 0.04078519 0.03490874 0.02974317
 0.02522679 0.02129895 0.01790094 0.01497666 0.01247313 0.01034089
 0.00853417 0.00701111 0.00573368 0.00466768 0.0037826  0.00305142
 0.00245039 0.00195879 0.00155871 0.0012347 ]

### CLASS 1
Values for X: [-2.01457393 -1.95982242 -1.90507091 -1.85031939 -1.79556788 -1.74081637
 -1.68606486 -1.63131334 -1.57656183 -1.52181032 -1.46705881 -1.41230729
 -1.35755578 -1.30280427 -1.24805275 -1.19330124 -1.13854973 -1.08379822
 -1.0290467  -0.97429519 -0.91954368 -0.86479217 -0.81004065 -0.75528914
 -0.70053763 -0.64578612 -0.5910346  -0.53628309 -0.48153158 -0.42678007
 -0.37202855 -0.31727704 -0.26252553 -0.20777401 -0.1530225  -0.09827099
 -0.04351948  0.01123204  0.06598355  0.12073506  0.17548657  0.23023809
  0.2849896   0.33974111  0.39449262  0.44924414  0.50399565  0.55874716
  0.61349868  0.66825019  0.7230017   0.77775321  0.83250473  0.88725624
  0.94200775  0.99675926  1.05151078  1.10626229  1.1610138   1.21576531
  1.27051683  1.32526834  1.38001985  1.43477136  1.48952288  1.54427439
  1.5990259   1.65377742  1.70852893  1.76328044  1.81803195  1.87278347
  1.92753498  1.98228649  2.037038    2.09178952  2.14654103  2.20129254
  2.25604405  2.31079557  2.36554708  2.42029859  2.47505011  2.52980162
  2.58455313  2.63930464  2.69405616  2.74880767  2.80355918  2.85831069
  2.91306221  2.96781372  3.02256523  3.07731674  3.13206826  3.18681977
  3.24157128  3.29632279  3.35107431  3.40582582]
Feature's mean: [0.66523785]
Feature's covariance matrix: [[0.5489026]]
Probability Density Function values: [0.00077658 0.00101179 0.00131105 0.00168958 0.00216554 0.00276046
 0.00349965 0.00441262 0.00553346 0.0069012  0.00856014 0.01056004
 0.01295621 0.01580953 0.01918615 0.02315715 0.02779781 0.0331867
 0.0394045  0.04653243 0.05465047 0.0638352  0.07415743 0.08567959
 0.09845283 0.11251418 0.12788348 0.14456057 0.16252248 0.18172104
 0.20208085 0.22349782 0.24583833 0.26893919 0.29260839 0.31662677
 0.34075063 0.36471523 0.38823913 0.41102941 0.43278746 0.45321536
 0.47202256 0.48893269 0.50369029 0.51606721 0.52586847 0.53293738
 0.53715969 0.53846667 0.53683698 0.53229723 0.52492127 0.51482819
 0.50217911 0.48717294 0.47004111 0.45104173 0.43045304 0.40856675
 0.38568118 0.3620946  0.33809896 0.31397409 0.28998261 0.2663657
 0.24333961 0.22109327 0.19978662 0.17955002 0.16048436 0.14266195
 0.12612807 0.11090307 0.09698477 0.08435128 0.0729639  0.06277006
 0.0537063  0.04570105 0.03867722 0.03255461 0.02725197 0.0226888
 0.01878682 0.01547118 0.01267131 0.01032162 0.00836185 0.00673729
 0.00539878 0.00430264 0.00341038 0.00268842 0.00210776 0.00164351
 0.00127454 0.00098302 0.00075405 0.00057526]

--------------------------------------------------

#### FEATURE 4 ####

### CLASS 0
Values for X: [-1.68292044 -1.63307584 -1.58323123 -1.53338662 -1.48354202 -1.43369741
 -1.3838528  -1.33400819 -1.28416359 -1.23431898 -1.18447437 -1.13462976
 -1.08478516 -1.03494055 -0.98509594 -0.93525134 -0.88540673 -0.83556212
 -0.78571751 -0.73587291 -0.6860283  -0.63618369 -0.58633908 -0.53649448
 -0.48664987 -0.43680526 -0.38696066 -0.33711605 -0.28727144 -0.23742683
 -0.18758223 -0.13773762 -0.08789301 -0.0380484   0.0117962   0.06164081
  0.11148542  0.16133002  0.21117463  0.26101924  0.31086385  0.36070845
  0.41055306  0.46039767  0.51024228  0.56008688  0.60993149  0.6597761
  0.7096207   0.75946531  0.80930992  0.85915453  0.90899913  0.95884374
  1.00868835  1.05853296  1.10837756  1.15822217  1.20806678  1.25791138
  1.30775599  1.3576006   1.40744521  1.45728981  1.50713442  1.55697903
  1.60682364  1.65666824  1.70651285  1.75635746  1.80620206  1.85604667
  1.90589128  1.95573589  2.00558049  2.0554251   2.10526971  2.15511432
  2.20495892  2.25480353  2.30464814  2.35449274  2.40433735  2.45418196
  2.50402657  2.55387117  2.60371578  2.65356039  2.703405    2.7532496
  2.80309421  2.85293882  2.90278342  2.95262803  3.00247264  3.05231725
  3.10216185  3.15200646  3.20185107  3.25169568]
Feature's mean: [0.6708362]
Feature's covariance matrix: [[0.53604266]]
Probability Density Function values: [0.00310474 0.00385542 0.00476546 0.00586307 0.00718014 0.00875241
 0.01061963 0.01282562 0.01541822 0.0184492  0.02197393 0.02605104
 0.03074182 0.03610947 0.0422182  0.04913212 0.0569139  0.06562334
 0.07531568 0.08603984 0.09783649 0.11073611 0.12475695 0.1399031
 0.15616261 0.17350574 0.19188355 0.21122668 0.23144451 0.25242484
 0.27403398 0.29611735 0.31850069 0.34099186 0.36338312 0.38545403
 0.40697482 0.42771019 0.44742346 0.46588101 0.48285682 0.49813705
 0.51152447 0.52284275 0.53194027 0.53869352 0.54300989 0.54482978
 0.54412795 0.54091414 0.53523282 0.52716218 0.51681232 0.50432277
 0.48985935 0.4736105  0.45578324 0.43659875 0.41628784 0.39508639
 0.37323083 0.35095389 0.32848059 0.3060247  0.28378559 0.26194572
 0.24066857 0.22009722 0.20035345 0.18153744 0.1637279  0.14698272
 0.13133999 0.11681935 0.10342361 0.09114056 0.07994491 0.06980026
 0.06066111 0.0524748  0.04518334 0.03872513 0.03303655 0.02805327
 0.02371152 0.01994906 0.01670601 0.01392547 0.01155405 0.00954214
 0.00784412 0.00641845 0.0052276  0.00423802 0.00341987 0.00274691
 0.00219616 0.00174773 0.00138442 0.00109157]

### CLASS 1
Values for X: [-3.50433306 -3.45058146 -3.39682985 -3.34307824 -3.28932664 -3.23557503
 -3.18182342 -3.12807182 -3.07432021 -3.0205686  -2.966817   -2.91306539
 -2.85931379 -2.80556218 -2.75181057 -2.69805897 -2.64430736 -2.59055575
 -2.53680415 -2.48305254 -2.42930093 -2.37554933 -2.32179772 -2.26804612
 -2.21429451 -2.1605429  -2.1067913  -2.05303969 -1.99928808 -1.94553648
 -1.89178487 -1.83803326 -1.78428166 -1.73053005 -1.67677845 -1.62302684
 -1.56927523 -1.51552363 -1.46177202 -1.40802041 -1.35426881 -1.3005172
 -1.24676559 -1.19301399 -1.13926238 -1.08551078 -1.03175917 -0.97800756
 -0.92425596 -0.87050435 -0.81675274 -0.76300114 -0.70924953 -0.65549793
 -0.60174632 -0.54799471 -0.49424311 -0.4404915  -0.38673989 -0.33298829
 -0.27923668 -0.22548507 -0.17173347 -0.11798186 -0.06423026 -0.01047865
  0.04327296  0.09702456  0.15077617  0.20452778  0.25827938  0.31203099
  0.3657826   0.4195342   0.47328581  0.52703741  0.58078902  0.63454063
  0.68829223  0.74204384  0.79579545  0.84954705  0.90329866  0.95705027
  1.01080187  1.06455348  1.11830508  1.17205669  1.2258083   1.2795599
  1.33331151  1.38706312  1.44081472  1.49456633  1.54831794  1.60206954
  1.65582115  1.70957275  1.76332436  1.81707597]
Feature's mean: [-0.66419535]
Feature's covariance matrix: [[0.55334275]]
Probability Density Function values: [3.66385218e-04 4.81528298e-04 6.29561340e-04 8.18816628e-04
 1.05941867e-03 1.36358105e-03 1.74592931e-03 2.22384606e-03
 2.81783237e-03 3.55187727e-03 4.45382465e-03 5.55572376e-03
 6.89414699e-03 8.51045540e-03 1.04509899e-02 1.27671635e-02
 1.55154287e-02 1.87570918e-02 2.25579481e-02 2.69877110e-02
 3.21192113e-02 3.80273499e-02 4.47877881e-02 5.24753731e-02
 6.11623017e-02 7.09160394e-02 8.17970215e-02 9.38561799e-02
 1.07132348e-01 1.21649615e-01 1.37414708e-01 1.54414495e-01
 1.72613707e-01 1.91952980e-01 2.12347329e-01 2.33685149e-01
 2.55827832e-01 2.78610084e-01 3.01841006e-01 3.25305955e-01
 3.48769223e-01 3.71977490e-01 3.94664017e-01 4.16553482e-01
 4.37367363e-01 4.56829712e-01 4.74673162e-01 4.90645001e-01
 5.04513098e-01 5.16071503e-01 5.25145535e-01 5.31596168e-01
 5.35323578e-01 5.36269711e-01 5.34419789e-01 5.29802690e-01
 5.22490205e-01 5.12595174e-01 5.00268593e-01 4.85695781e-01
 4.69091743e-01 4.50695905e-01 4.30766380e-01 4.09573978e-01
 3.87396129e-01 3.64510938e-01 3.41191511e-01 3.17700747e-01
 2.94286690e-01 2.71178573e-01 2.48583608e-01 2.26684575e-01
 2.05638211e-01 1.85574386e-01 1.66596016e-01 1.48779659e-01
 1.32176689e-01 1.16814982e-01 1.02700981e-01 8.98220577e-02
 7.81490629e-02 6.76389592e-02 5.82374597e-02 4.98815909e-02
 4.25021143e-02 3.60257590e-02 3.03772258e-02 2.54809401e-02
 2.12625402e-02 1.76501019e-02 1.45751036e-02 1.19731507e-02
 9.78447699e-03 7.95424837e-03 6.43269626e-03 5.17510670e-03
 4.14169333e-03 3.29737950e-03 2.61151362e-03 2.05753874e-03]

--------------------------------------------------

#### FEATURE 5 ####

### CLASS 0
Values for X: [-2.11227668 -2.07076699 -2.02925731 -1.98774762 -1.94623793 -1.90472824
 -1.86321855 -1.82170886 -1.78019918 -1.73868949 -1.6971798  -1.65567011
 -1.61416042 -1.57265073 -1.53114105 -1.48963136 -1.44812167 -1.40661198
 -1.36510229 -1.3235926  -1.28208292 -1.24057323 -1.19906354 -1.15755385
 -1.11604416 -1.07453447 -1.03302478 -0.9915151  -0.95000541 -0.90849572
 -0.86698603 -0.82547634 -0.78396665 -0.74245697 -0.70094728 -0.65943759
 -0.6179279  -0.57641821 -0.53490852 -0.49339884 -0.45188915 -0.41037946
 -0.36886977 -0.32736008 -0.28585039 -0.2443407  -0.20283102 -0.16132133
 -0.11981164 -0.07830195 -0.03679226  0.00471743  0.04622711  0.0877368
  0.12924649  0.17075618  0.21226587  0.25377556  0.29528524  0.33679493
  0.37830462  0.41981431  0.461324    0.50283369  0.54434337  0.58585306
  0.62736275  0.66887244  0.71038213  0.75189182  0.79340151  0.83491119
  0.87642088  0.91793057  0.95944026  1.00094995  1.04245964  1.08396932
  1.12547901  1.1669887   1.20849839  1.25000808  1.29151777  1.33302745
  1.37453714  1.41604683  1.45755652  1.49906621  1.5405759   1.58208558
  1.62359527  1.66510496  1.70661465  1.74812434  1.78963403  1.83114372
  1.8726534   1.91416309  1.95567278  1.99718247]
Feature's mean: [0.02795697]
Feature's covariance matrix: [[0.6800736]]
Probability Density Function values: [0.01667432 0.01897717 0.02154341 0.02439479 0.02755366 0.03104282
 0.03488532 0.03910425 0.04372248 0.04876243 0.05424572 0.06019291
 0.06662311 0.07355362 0.0809996  0.08897364 0.09748538 0.10654113
 0.11614346 0.12629085 0.13697732 0.14819212 0.15991942 0.17213808
 0.18482145 0.19793721 0.21144732 0.22530798 0.23946973 0.25387757
 0.2684712  0.28318532 0.29795002 0.31269128 0.32733148 0.34179007
 0.35598423 0.36982966 0.38324137 0.39613451 0.4084253  0.42003188
 0.43087523 0.44088007 0.4499757  0.45809686 0.46518449 0.47118645
 0.47605817 0.47976318 0.48227356 0.48357035 0.48364369 0.48249304
 0.48012711 0.47656383 0.47183002 0.46596118 0.45900091 0.4510005
 0.44201821 0.4321186  0.42137174 0.40985244 0.39763929 0.38481388
 0.37145979 0.3576618  0.34350492 0.32907359 0.31445084 0.29971753
 0.28495165 0.27022771 0.25561612 0.24118276 0.22698854 0.21308912
 0.19953463 0.18636954 0.17363259 0.16135678 0.14956943 0.13829234
 0.12754196 0.11732963 0.10766188 0.09854075 0.08996415 0.08192618
 0.07441759 0.06742612 0.0609369  0.05493287 0.04939509 0.04430319
 0.03963564 0.03537011 0.03148376 0.02795351]

### CLASS 1
Values for X: [-2.07314344e+00 -2.02992342e+00 -1.98670340e+00 -1.94348338e+00
 -1.90026337e+00 -1.85704335e+00 -1.81382333e+00 -1.77060331e+00
 -1.72738329e+00 -1.68416328e+00 -1.64094326e+00 -1.59772324e+00
 -1.55450322e+00 -1.51128320e+00 -1.46806319e+00 -1.42484317e+00
 -1.38162315e+00 -1.33840313e+00 -1.29518311e+00 -1.25196310e+00
 -1.20874308e+00 -1.16552306e+00 -1.12230304e+00 -1.07908302e+00
 -1.03586301e+00 -9.92642987e-01 -9.49422969e-01 -9.06202951e-01
 -8.62982933e-01 -8.19762915e-01 -7.76542897e-01 -7.33322879e-01
 -6.90102861e-01 -6.46882843e-01 -6.03662825e-01 -5.60442807e-01
 -5.17222788e-01 -4.74002770e-01 -4.30782752e-01 -3.87562734e-01
 -3.44342716e-01 -3.01122698e-01 -2.57902680e-01 -2.14682662e-01
 -1.71462644e-01 -1.28242626e-01 -8.50226078e-02 -4.18025897e-02
  1.41742839e-03  4.46374465e-02  8.78574645e-02  1.31077483e-01
  1.74297501e-01  2.17517519e-01  2.60737537e-01  3.03957555e-01
  3.47177573e-01  3.90397591e-01  4.33617609e-01  4.76837627e-01
  5.20057645e-01  5.63277663e-01  6.06497681e-01  6.49717699e-01
  6.92937718e-01  7.36157736e-01  7.79377754e-01  8.22597772e-01
  8.65817790e-01  9.09037808e-01  9.52257826e-01  9.95477844e-01
  1.03869786e+00  1.08191788e+00  1.12513790e+00  1.16835792e+00
  1.21157793e+00  1.25479795e+00  1.29801797e+00  1.34123799e+00
  1.38445801e+00  1.42767802e+00  1.47089804e+00  1.51411806e+00
  1.55733808e+00  1.60055810e+00  1.64377812e+00  1.68699813e+00
  1.73021815e+00  1.77343817e+00  1.81665819e+00  1.85987821e+00
  1.90309822e+00  1.94631824e+00  1.98953826e+00  2.03275828e+00
  2.07597830e+00  2.11919831e+00  2.16241833e+00  2.20563835e+00]
Feature's mean: [-0.04172519]
Feature's covariance matrix: [[1.31776792]]
Probability Density Function values: [0.07260767 0.07755505 0.0827222  0.08810863 0.09371285 0.09953235
 0.10556349 0.11180149 0.11824039 0.12487297 0.1316908  0.13868414
 0.14584198 0.153152   0.1606006  0.16817291 0.17585279 0.18362292
 0.19146478 0.19935874 0.20728412 0.21521927 0.22314166 0.23102796
 0.23885415 0.24659566 0.25422745 0.26172417 0.26906028 0.27621021
 0.28314849 0.28984989 0.2962896  0.30244336 0.30828761 0.31379966
 0.31895781 0.32374151 0.3281315  0.3321099  0.3356604  0.3387683
 0.34142066 0.34360637 0.34531623 0.34654301 0.34728153 0.34752864
 0.34728329 0.34654653 0.34532149 0.34361334 0.34142932 0.33877862
 0.33567233 0.33212339 0.32814649 0.32375795 0.31897563 0.31381878
 0.30830796 0.30246486 0.29631216 0.28987344 0.28317293 0.27623546
 0.26908624 0.26175075 0.25425456 0.24662321 0.23888205 0.23105611
 0.22316998 0.21524768 0.20731253 0.19938708 0.19149297 0.1836509
 0.17588048 0.16820023 0.16062751 0.15317844 0.1458679  0.13870949
 0.13171554 0.12489707 0.1182638  0.1118242  0.10558547 0.09955358
 0.09373332 0.08812831 0.0827411  0.07757317 0.072625   0.06789615
 0.06338529 0.0590903  0.05500831 0.05113577]

--------------------------------------------------

#### FEATURE 6 ####

### CLASS 0
Values for X: [-2.012984   -1.97052392 -1.92806383 -1.88560375 -1.84314366 -1.80068358
 -1.75822349 -1.71576341 -1.67330332 -1.63084324 -1.58838315 -1.54592307
 -1.50346298 -1.4610029  -1.41854281 -1.37608273 -1.33362264 -1.29116256
 -1.24870247 -1.20624239 -1.1637823  -1.12132222 -1.07886213 -1.03640205
 -0.99394196 -0.95148188 -0.90902179 -0.86656171 -0.82410162 -0.78164154
 -0.73918145 -0.69672137 -0.65426128 -0.6118012  -0.56934111 -0.52688103
 -0.48442094 -0.44196086 -0.39950077 -0.35704069 -0.3145806  -0.27212052
 -0.22966043 -0.18720035 -0.14474026 -0.10228018 -0.0598201  -0.01736001
  0.02510007  0.06756016  0.11002024  0.15248033  0.19494041  0.2374005
  0.27986058  0.32232067  0.36478075  0.40724084  0.44970092  0.49216101
  0.53462109  0.57708118  0.61954126  0.66200135  0.70446143  0.74692152
  0.7893816   0.83184169  0.87430177  0.91676186  0.95922194  1.00168203
  1.04414211  1.0866022   1.12906228  1.17152237  1.21398245  1.25644254
  1.29890262  1.34136271  1.38382279  1.42628288  1.46874296  1.51120305
  1.55366313  1.59612322  1.6385833   1.68104339  1.72350347  1.76596356
  1.80842364  1.85088373  1.89334381  1.9358039   1.97826398  2.02072407
  2.06318415  2.10564424  2.14810432  2.19056441]
Feature's mean: [-0.0058274]
Feature's covariance matrix: [[0.70503844]]
Probability Density Function values: [0.0272896  0.03075664 0.03457562 0.03876953 0.04336112 0.04837266
 0.05382561 0.05974029 0.06613559 0.07302853 0.08043394 0.08836404
 0.09682807 0.10583187 0.1153775  0.12546287 0.1360814  0.14722169
 0.15886722 0.17099612 0.18358097 0.1965887  0.20998046 0.2237117
 0.23773217 0.25198616 0.26641267 0.28094579 0.29551508 0.31004606
 0.32446082 0.33867861 0.35261658 0.36619057 0.3793159  0.39190824
 0.40388453 0.41516381 0.42566822 0.43532382 0.44406148 0.45181769
 0.45853534 0.46416444 0.46866269 0.47199605 0.47413913 0.47507558
 0.47479821 0.47330915 0.47061979 0.46675066 0.46173113 0.45559907
 0.44840038 0.44018838 0.43102319 0.42097099 0.4101032  0.39849567
 0.38622779 0.37338159 0.36004082 0.34629007 0.33221391 0.31789598
 0.30341827 0.28886031 0.27429854 0.25980564 0.24545004 0.23129546
 0.21740052 0.20381845 0.19059693 0.17777789 0.16539755 0.15348638
 0.14206925 0.13116555 0.12078943 0.11095007 0.10165194 0.09289519
 0.08467598 0.07698688 0.06981723 0.06315359 0.05698006 0.05127873
 0.04603001 0.041213   0.03680586 0.03278606 0.02913069 0.02581677
 0.02282141 0.02012206 0.01769669 0.0155239 ]

### CLASS 1
Values for X: [-2.17273738 -2.12680537 -2.08087335 -2.03494133 -1.98900931 -1.9430773
 -1.89714528 -1.85121326 -1.80528125 -1.75934923 -1.71341721 -1.66748519
 -1.62155318 -1.57562116 -1.52968914 -1.48375712 -1.43782511 -1.39189309
 -1.34596107 -1.30002905 -1.25409704 -1.20816502 -1.162233   -1.11630099
 -1.07036897 -1.02443695 -0.97850493 -0.93257292 -0.8866409  -0.84070888
 -0.79477686 -0.74884485 -0.70291283 -0.65698081 -0.61104879 -0.56511678
 -0.51918476 -0.47325274 -0.42732072 -0.38138871 -0.33545669 -0.28952467
 -0.24359266 -0.19766064 -0.15172862 -0.1057966  -0.05986459 -0.01393257
  0.03199945  0.07793147  0.12386348  0.1697955   0.21572752  0.26165954
  0.30759155  0.35352357  0.39945559  0.4453876   0.49131962  0.53725164
  0.58318366  0.62911567  0.67504769  0.72097971  0.76691173  0.81284374
  0.85877576  0.90470778  0.9506398   0.99657181  1.04250383  1.08843585
  1.13436786  1.18029988  1.2262319   1.27216392  1.31809593  1.36402795
  1.40995997  1.45589199  1.501824    1.54775602  1.59368804  1.63962006
  1.68555207  1.73148409  1.77741611  1.82334812  1.86928014  1.91521216
  1.96114418  2.00707619  2.05300821  2.09894023  2.14487225  2.19080426
  2.23673628  2.2826683   2.32860032  2.37453233]
Feature's mean: [0.02393849]
Feature's covariance matrix: [[1.28702609]]
Probability Density Function values: [0.05394817 0.05829989 0.06289945 0.06775073 0.07285666 0.07821906
 0.08383861 0.08971469 0.09584538 0.1022273  0.10885557 0.11572376
 0.12282378 0.13014591 0.13767866 0.14540885 0.15332152 0.16139999
 0.16962582 0.1779789  0.18643744 0.19497811 0.20357604 0.21220497
 0.22083735 0.22944446 0.23799658 0.24646312 0.25481281 0.26301388
 0.27103423 0.27884169 0.28640419 0.29368996 0.30066781 0.30730727
 0.3135789  0.31945443 0.32490701 0.32991141 0.3344442  0.33848396
 0.34201141 0.34500961 0.34746404 0.34936278 0.35069654 0.35145879
 0.35164579 0.35125663 0.35029321 0.34876026 0.34666528 0.3440185
 0.34083276 0.33712343 0.33290831 0.32820744 0.32304297 0.31743898
 0.31142128 0.30501726 0.29825562 0.29116618 0.28377969 0.27612757
 0.26824172 0.26015427 0.2518974  0.2435031  0.23500299 0.22642812
 0.2178088  0.20917442 0.2005533  0.19197255 0.18345795 0.17503384
 0.16672303 0.15854672 0.15052444 0.142674   0.1350115  0.12755126
 0.12030588 0.1132862  0.10650139 0.09995893 0.09366472 0.08762309
 0.0818369  0.07630761 0.07103536 0.06601908 0.06125653 0.05674445
 0.05247863 0.04845401 0.04466476 0.0411044 ]

====================================================================================================

INFO - 2025-01-29 19:54:50 - Logger closed correctly!

====================================================================================================

INFO - 2025-01-29 19:54:50 - Logger closed correctly!
